<?xml version="1.0" encoding="utf-8"?><testsuites name="pytest tests"><testsuite name="pytest" errors="0" failures="0" skipped="0" tests="9" time="0.436" timestamp="2026-08-02T09:37:43.795287+00:00" hostname="agent-env-d2a92c48-7f07-4b6b-9ff0-60ce56e94ec7"><testcase classname="tests.test_webauthn" name="test_status_disabled_initially" time="0.236" /><testcase classname="tests.test_webauthn" name="test_register_requires_auth" time="0.005" /><testcase classname="tests.test_webauthn" name="test_auth_options_404_without_credentials" time="0.005" /><testcase classname="tests.test_webauthn" name="test_cross_origin_rejected" time="0.004" /><testcase classname="tests.test_webauthn" name="test_full_ceremony_register_and_unlock" time="0.027" /><testcase classname="tests.test_webauthn" name="test_replay_and_tampered_assertion_rejected" time="0.019" /><testcase classname="tests.test_webauthn" name="test_unknown_credential_rejected" time="0.012" /><testcase classname="tests.test_webauthn" name="test_multi_device_register_and_targeted_unlock" time="0.054" /><testcase classname="tests.test_webauthn" name="test_disable_biometric" time="0.019" /></testsuite></testsuites>