<?xml version="1.0" encoding="utf-8"?><testsuites name="pytest tests"><testsuite name="pytest" errors="0" failures="0" skipped="0" tests="86" time="34.249" timestamp="2026-08-02T08:53:07.357924+00:00" hostname="agent-env-d2a92c48-7f07-4b6b-9ff0-60ce56e94ec7"><testcase classname="tests.backend_test.TestAuth" name="test_status" time="0.119" /><testcase classname="tests.backend_test.TestAuth" name="test_unlock_success" time="0.313" /><testcase classname="tests.backend_test.TestAuth" name="test_unlock_wrong_pin" time="0.319" /><testcase classname="tests.backend_test.TestAuth" name="test_protected_no_token" time="0.091" /><testcase classname="tests.backend_test.TestChangePin" name="test_change_pin_wrong_old" time="0.744" /><testcase classname="tests.backend_test.TestChangePin" name="test_change_pin_success_and_revert" time="2.178" /><testcase classname="tests.backend_test.TestChangePin" name="test_change_pin_no_auth" time="0.095" /><testcase classname="tests.backend_test.TestCards" name="test_cards_crud_and_encryption" time="0.882" /><testcase classname="tests.backend_test.TestCredentialMember" name="test_credential_member_roundtrip" time="0.897" /><testcase classname="tests.backend_test.TestCredentialMember" name="test_credential_member_default_empty" time="0.596" /><testcase classname="tests.backend_test.TestCardMember" name="test_card_member_roundtrip" time="0.791" /><testcase classname="tests.backend_test.TestCardMember" name="test_card_member_default_empty" time="0.591" /><testcase classname="tests.backend_test.TestInsuranceNewFields" name="test_insurance_member_and_due_date" time="0.680" /><testcase classname="tests.backend_test.TestMembers" name="test_members_requires_auth" time="0.090" /><testcase classname="tests.backend_test.TestMembers" name="test_members_returns_distinct_sorted" time="0.509" /><testcase classname="tests.backend_test.TestPWA" name="test_manifest" time="0.092" /><testcase classname="tests.backend_test.TestPWA" name="test_sw" time="0.096" /><testcase classname="tests.backend_test.TestPWA" name="test_icon" time="0.092" /><testcase classname="tests.test_documents.TestDocumentUpload" name="test_upload_requires_auth" time="0.694" /><testcase classname="tests.test_documents.TestDocumentUpload" name="test_upload_invalid_parent_type" time="0.720" /><testcase classname="tests.test_documents.TestDocumentUpload" name="test_upload_disallowed_extension" time="0.697" /><testcase classname="tests.test_documents.TestDocumentUpload" name="test_upload_too_large" time="0.984" /><testcase classname="tests.test_documents.TestDocumentUpload" name="test_upload_success_returns_metadata_no_gridfs_leak" time="0.811" /><testcase classname="tests.test_documents.TestDocumentListDownloadDelete" name="test_list_download_delete_flow" time="1.308" /><testcase classname="tests.test_documents.TestParentDeletionCascade" name="test_delete_credential_cascades_documents" time="0.816" /><testcase classname="tests.test_documents.TestExistingSeedDocument" name="test_lic_has_seed_document" time="0.527" /><testcase classname="tests.test_mark_paid" name="test_mark_paid_no_auth" time="0.090" /><testcase classname="tests.test_mark_paid" name="test_mark_paid_unknown_id" time="0.412" /><testcase classname="tests.test_mark_paid" name="test_mark_paid_no_due_date" time="0.289" /><testcase classname="tests.test_mark_paid" name="test_monthly" time="0.287" /><testcase classname="tests.test_mark_paid" name="test_monthly_month_end_edge" time="0.284" /><testcase classname="tests.test_mark_paid" name="test_quarterly" time="0.293" /><testcase classname="tests.test_mark_paid" name="test_half_yearly" time="0.284" /><testcase classname="tests.test_mark_paid" name="test_one_time_clears_date" time="0.292" /><testcase classname="tests.test_mark_paid" name="test_list_insurance_has_last_paid_on" time="0.095" /><testcase classname="tests.test_mark_paid" name="test_put_preserves_last_paid_on" time="0.577" /><testcase classname="tests.test_mark_paid" name="test_lic_mark_paid_and_restore" time="0.381" /><testcase classname="tests.test_payments_maturity" name="test_list_payments_no_auth" time="0.091" /><testcase classname="tests.test_payments_maturity" name="test_mark_paid_creates_payment_record" time="0.798" /><testcase classname="tests.test_payments_maturity" name="test_payments_sorted_newest_first" time="0.587" /><testcase classname="tests.test_payments_maturity" name="test_delete_policy_cascades_payments" time="0.485" /><testcase classname="tests.test_payments_maturity" name="test_payments_empty_for_unknown_policy" time="0.098" /><testcase classname="tests.test_payments_maturity" name="test_lic_final_state_intact" time="0.206" /><testcase classname="tests.test_security.TestTokenRevocation" name="test_old_token_revoked_after_pin_change" time="2.649" /><testcase classname="tests.test_security.TestProgressiveLockout" name="test_five_wrong_pins_locks" time="2.042" /><testcase classname="tests.test_security.TestSecurityHeaders" name="test_headers_present" time="0.414" /><testcase classname="tests.test_security.TestDocumentUploadHardening" name="test_malicious_filename_sanitized_and_txt_downloads_as_attachment" time="0.832" /><testcase classname="tests.test_security.TestDocumentUploadHardening" name="test_disallowed_extensions_rejected[evil.exe-application/octet-stream]" time="0.592" /><testcase classname="tests.test_security.TestDocumentUploadHardening" name="test_disallowed_extensions_rejected[evil.html-text/html]" time="0.595" /><testcase classname="tests.test_security.TestDocumentUploadHardening" name="test_disallowed_extensions_rejected[evil.svg-image/svg+xml]" time="0.604" /><testcase classname="tests.test_security.TestProtectedEndpointsAuth" name="test_no_token_returns_401[GET-/api/credentials]" time="0.094" /><testcase classname="tests.test_security.TestProtectedEndpointsAuth" name="test_no_token_returns_401[POST-/api/credentials]" time="0.128" /><testcase classname="tests.test_security.TestProtectedEndpointsAuth" name="test_no_token_returns_401[GET-/api/cards]" time="0.093" /><testcase classname="tests.test_security.TestProtectedEndpointsAuth" name="test_no_token_returns_401[POST-/api/cards]" time="0.088" /><testcase classname="tests.test_security.TestProtectedEndpointsAuth" name="test_no_token_returns_401[GET-/api/insurance]" time="0.102" /><testcase classname="tests.test_security.TestProtectedEndpointsAuth" name="test_no_token_returns_401[POST-/api/insurance]" time="0.094" /><testcase classname="tests.test_security.TestProtectedEndpointsAuth" name="test_no_token_returns_401[GET-/api/documents?parent_type=credential&amp;parent_id=x]" time="0.093" /><testcase classname="tests.test_security.TestProtectedEndpointsAuth" name="test_no_token_returns_401[GET-/api/documents/counts?parent_type=credential]" time="0.101" /><testcase classname="tests.test_security.TestProtectedEndpointsAuth" name="test_no_token_returns_401[POST-/api/documents/upload?parent_type=credential&amp;parent_id=x]" time="0.098" /><testcase classname="tests.test_security.TestProtectedEndpointsAuth" name="test_no_token_returns_401[GET-/api/members]" time="0.092" /><testcase classname="tests.test_security.TestProtectedEndpointsAuth" name="test_no_token_returns_401[POST-/api/auth/change-pin]" time="0.092" /><testcase classname="tests.test_security.TestProtectedEndpointsAuth" name="test_no_token_returns_401[POST-/api/insurance/xyz/mark-paid]" time="0.089" /><testcase classname="tests.test_security.TestProtectedEndpointsAuth" name="test_no_token_returns_401[POST-/api/insurance/xyz/undo-paid]" time="0.093" /><testcase classname="tests.test_security.TestProtectedEndpointsAuth" name="test_no_token_returns_401[GET-/api/insurance/xyz/payments]" time="0.101" /><testcase classname="tests.test_security.TestProtectedEndpointsAuth" name="test_garbage_token_returns_401[GET-/api/credentials]" time="0.098" /><testcase classname="tests.test_security.TestProtectedEndpointsAuth" name="test_garbage_token_returns_401[POST-/api/credentials]" time="0.095" /><testcase classname="tests.test_security.TestProtectedEndpointsAuth" name="test_garbage_token_returns_401[GET-/api/cards]" time="0.099" /><testcase classname="tests.test_security.TestProtectedEndpointsAuth" name="test_garbage_token_returns_401[POST-/api/cards]" time="0.094" /><testcase classname="tests.test_security.TestProtectedEndpointsAuth" name="test_garbage_token_returns_401[GET-/api/insurance]" time="0.088" /><testcase classname="tests.test_security.TestProtectedEndpointsAuth" name="test_garbage_token_returns_401[POST-/api/insurance]" time="0.091" /><testcase classname="tests.test_security.TestProtectedEndpointsAuth" name="test_garbage_token_returns_401[GET-/api/documents?parent_type=credential&amp;parent_id=x]" time="0.096" /><testcase classname="tests.test_security.TestProtectedEndpointsAuth" name="test_garbage_token_returns_401[GET-/api/documents/counts?parent_type=credential]" time="0.095" /><testcase classname="tests.test_security.TestProtectedEndpointsAuth" name="test_garbage_token_returns_401[POST-/api/documents/upload?parent_type=credential&amp;parent_id=x]" time="0.093" /><testcase classname="tests.test_security.TestProtectedEndpointsAuth" name="test_garbage_token_returns_401[GET-/api/members]" time="0.093" /><testcase classname="tests.test_security.TestProtectedEndpointsAuth" name="test_garbage_token_returns_401[POST-/api/auth/change-pin]" time="0.096" /><testcase classname="tests.test_security.TestProtectedEndpointsAuth" name="test_garbage_token_returns_401[POST-/api/insurance/xyz/mark-paid]" time="0.094" /><testcase classname="tests.test_security.TestProtectedEndpointsAuth" name="test_garbage_token_returns_401[POST-/api/insurance/xyz/undo-paid]" time="0.099" /><testcase classname="tests.test_security.TestProtectedEndpointsAuth" name="test_garbage_token_returns_401[GET-/api/insurance/xyz/payments]" time="0.097" /><testcase classname="tests.test_security.TestCORS" name="test_allowed_origin_gets_echo" time="0.003" /><testcase classname="tests.test_security.TestCORS" name="test_evil_origin_not_allowed" time="0.002" /><testcase classname="tests.test_undo_paid" name="test_undo_no_auth" time="0.100" /><testcase classname="tests.test_undo_paid" name="test_undo_unknown_policy" time="0.421" /><testcase classname="tests.test_undo_paid" name="test_undo_with_no_payments" time="0.287" /><testcase classname="tests.test_undo_paid" name="test_pay_then_undo_restores" time="0.584" /><testcase classname="tests.test_undo_paid" name="test_multi_pay_then_single_undo" time="0.870" /><testcase classname="tests.test_undo_paid" name="test_seed_lic_unaffected" time="0.104" /></testsuite></testsuites>