<?xml version="1.0" encoding="utf-8"?><testsuites name="pytest tests"><testsuite name="pytest" errors="0" failures="0" skipped="0" tests="91" time="86.069" timestamp="2026-08-02T09:02:17.219392+00:00" hostname="agent-env-d2a92c48-7f07-4b6b-9ff0-60ce56e94ec7"><testcase classname="tests.test_mark_paid" name="test_mark_paid_no_auth" time="0.117" /><testcase classname="tests.test_security.TestProtectedEndpointsAuth" name="test_no_token_returns_401[GET-/api/credentials]" time="0.115" /><testcase classname="tests.test_security.TestProtectedEndpointsAuth" name="test_no_token_returns_401[POST-/api/credentials]" time="0.092" /><testcase classname="tests.test_security.TestProtectedEndpointsAuth" name="test_no_token_returns_401[GET-/api/cards]" time="0.233" /><testcase classname="tests.test_mark_paid" name="test_mark_paid_unknown_id" time="0.417" /><testcase classname="tests.test_security.TestProtectedEndpointsAuth" name="test_no_token_returns_401[POST-/api/cards]" time="0.092" /><testcase classname="tests.test_mark_paid" name="test_mark_paid_no_due_date" time="0.350" /><testcase classname="tests.test_security.TestProtectedEndpointsAuth" name="test_no_token_returns_401[GET-/api/insurance]" time="0.094" /><testcase classname="tests.test_security.TestProtectedEndpointsAuth" name="test_no_token_returns_401[POST-/api/insurance]" time="0.134" /><testcase classname="tests.test_security.TestProtectedEndpointsAuth" name="test_no_token_returns_401[GET-/api/documents?parent_type=credential&amp;parent_id=x]" time="0.094" /><testcase classname="tests.test_security.TestProtectedEndpointsAuth" name="test_no_token_returns_401[GET-/api/documents/counts?parent_type=credential]" time="0.096" /><testcase classname="tests.test_mark_paid" name="test_monthly" time="0.351" /><testcase classname="tests.test_security.TestProtectedEndpointsAuth" name="test_no_token_returns_401[POST-/api/documents/upload?parent_type=credential&amp;parent_id=x]" time="0.229" /><testcase classname="tests.test_security.TestProtectedEndpointsAuth" name="test_no_token_returns_401[GET-/api/members]" time="0.133" /><testcase classname="tests.test_mark_paid" name="test_monthly_month_end_edge" time="0.380" /><testcase classname="tests.test_security.TestProtectedEndpointsAuth" name="test_no_token_returns_401[POST-/api/auth/change-pin]" time="0.127" /><testcase classname="tests.test_security.TestProtectedEndpointsAuth" name="test_no_token_returns_401[POST-/api/insurance/xyz/mark-paid]" time="0.093" /><testcase classname="tests.test_security.TestProtectedEndpointsAuth" name="test_no_token_returns_401[POST-/api/insurance/xyz/undo-paid]" time="0.129" /><testcase classname="tests.test_mark_paid" name="test_quarterly" time="0.394" /><testcase classname="tests.test_security.TestProtectedEndpointsAuth" name="test_no_token_returns_401[GET-/api/insurance/xyz/payments]" time="0.093" /><testcase classname="tests.test_security.TestProtectedEndpointsAuth" name="test_garbage_token_returns_401[GET-/api/credentials]" time="0.092" /><testcase classname="tests.test_security.TestProtectedEndpointsAuth" name="test_garbage_token_returns_401[POST-/api/credentials]" time="0.092" /><testcase classname="tests.test_security.TestProtectedEndpointsAuth" name="test_garbage_token_returns_401[GET-/api/cards]" time="0.134" /><testcase classname="tests.test_mark_paid" name="test_half_yearly" time="0.291" /><testcase classname="tests.test_security.TestProtectedEndpointsAuth" name="test_garbage_token_returns_401[POST-/api/cards]" time="0.097" /><testcase classname="tests.test_security.TestProtectedEndpointsAuth" name="test_garbage_token_returns_401[GET-/api/insurance]" time="0.094" /><testcase classname="tests.test_security.TestProtectedEndpointsAuth" name="test_garbage_token_returns_401[POST-/api/insurance]" time="0.088" /><testcase classname="tests.test_mark_paid" name="test_one_time_clears_date" time="0.296" /><testcase classname="tests.test_security.TestProtectedEndpointsAuth" name="test_garbage_token_returns_401[GET-/api/documents?parent_type=credential&amp;parent_id=x]" time="0.089" /><testcase classname="tests.test_security.TestProtectedEndpointsAuth" name="test_garbage_token_returns_401[GET-/api/documents/counts?parent_type=credential]" time="0.097" /><testcase classname="tests.test_security.TestProtectedEndpointsAuth" name="test_garbage_token_returns_401[POST-/api/documents/upload?parent_type=credential&amp;parent_id=x]" time="0.107" /><testcase classname="tests.test_mark_paid" name="test_list_insurance_has_last_paid_on" time="0.137" /><testcase classname="tests.test_security.TestProtectedEndpointsAuth" name="test_garbage_token_returns_401[GET-/api/members]" time="0.097" /><testcase classname="tests.test_mark_paid" name="test_put_preserves_last_paid_on" time="0.643" /><testcase classname="tests.test_security.TestProtectedEndpointsAuth" name="test_garbage_token_returns_401[POST-/api/auth/change-pin]" time="0.140" /><testcase classname="tests.test_security.TestProtectedEndpointsAuth" name="test_garbage_token_returns_401[POST-/api/insurance/xyz/mark-paid]" time="0.095" /><testcase classname="tests.test_security.TestProtectedEndpointsAuth" name="test_garbage_token_returns_401[POST-/api/insurance/xyz/undo-paid]" time="0.093" /><testcase classname="tests.test_security.TestProtectedEndpointsAuth" name="test_garbage_token_returns_401[GET-/api/insurance/xyz/payments]" time="0.093" /><testcase classname="tests.test_undo_paid" name="test_undo_no_auth" time="0.135" /><testcase classname="tests.test_mark_paid" name="test_lic_mark_paid_and_restore" time="0.551" /><testcase classname="tests.test_undo_paid" name="test_undo_unknown_policy" time="0.421" /><testcase classname="tests.test_undo_paid" name="test_undo_with_no_payments" time="0.337" /><testcase classname="tests.test_payments_maturity" name="test_list_payments_no_auth" time="0.091" /><testcase classname="tests.test_undo_paid" name="test_pay_then_undo_restores" time="0.880" /><testcase classname="tests.test_payments_maturity" name="test_mark_paid_creates_payment_record" time="0.883" /><testcase classname="tests.test_payments_maturity" name="test_payments_sorted_newest_first" time="0.656" /><testcase classname="tests.test_undo_paid" name="test_multi_pay_then_single_undo" time="0.953" /><testcase classname="tests.test_payments_maturity" name="test_delete_policy_cascades_payments" time="0.540" /><testcase classname="tests.test_undo_paid" name="test_seed_lic_unaffected" time="0.098" /><testcase classname="tests.test_payments_maturity" name="test_payments_empty_for_unknown_policy" time="3.207" /><testcase classname="tests.test_payments_maturity" name="test_lic_final_state_intact" time="0.195" /><testcase classname="tests.test_documents.TestDocumentUpload" name="test_upload_requires_auth" time="4.025" /><testcase classname="tests.test_password_history.TestPasswordHistory" name="test_full_flow_and_dedupe" time="1.756" /><testcase classname="tests.test_documents.TestDocumentUpload" name="test_upload_invalid_parent_type" time="0.773" /><testcase classname="tests.test_password_history.TestPasswordHistory" name="test_history_requires_auth" time="0.106" /><testcase classname="tests.test_documents.TestDocumentUpload" name="test_upload_disallowed_extension" time="0.739" /><testcase classname="tests.test_password_history.TestPasswordHistory" name="test_history_404_unknown" time="0.550" /><testcase classname="tests.test_documents.TestDocumentUpload" name="test_upload_too_large" time="1.217" /><testcase classname="tests.test_password_history.TestPasswordHistory" name="test_no_history_returns_empty" time="0.921" /><testcase classname="tests.test_password_history.TestPasswordHistory" name="test_delete_credential_removes" time="0.992" /><testcase classname="tests.test_documents.TestDocumentUpload" name="test_upload_success_returns_metadata_no_gridfs_leak" time="1.043" /><testcase classname="tests.backend_test.TestAuth" name="test_status" time="0.096" /><testcase classname="tests.backend_test.TestAuth" name="test_unlock_success" time="0.515" /><testcase classname="tests.test_security.TestDocumentUploadHardening" name="test_malicious_filename_sanitized_and_txt_downloads_as_attachment" time="69.332" /><testcase classname="tests.backend_test.TestAuth" name="test_unlock_wrong_pin" time="0.317" /><testcase classname="tests.backend_test.TestAuth" name="test_protected_no_token" time="0.097" /><testcase classname="tests.backend_test.TestChangePin" name="test_change_pin_wrong_old" time="36.869" /><testcase classname="tests.backend_test.TestChangePin" name="test_change_pin_success_and_revert" time="2.174" /><testcase classname="tests.backend_test.TestChangePin" name="test_change_pin_no_auth" time="0.092" /><testcase classname="tests.backend_test.TestPWA" name="test_manifest" time="0.106" /><testcase classname="tests.backend_test.TestPWA" name="test_sw" time="0.088" /><testcase classname="tests.backend_test.TestPWA" name="test_icon" time="0.092" /><testcase classname="tests.backend_test.TestCredentialMember" name="test_credential_member_roundtrip" time="0.898" /><testcase classname="tests.backend_test.TestCredentialMember" name="test_credential_member_default_empty" time="0.599" /><testcase classname="tests.backend_test.TestCardMember" name="test_card_member_roundtrip" time="0.797" /><testcase classname="tests.backend_test.TestCardMember" name="test_card_member_default_empty" time="0.624" /><testcase classname="tests.backend_test.TestMembers" name="test_members_requires_auth" time="0.090" /><testcase classname="tests.backend_test.TestMembers" name="test_members_returns_distinct_sorted" time="0.519" /><testcase classname="tests.test_security.TestCORS" name="test_allowed_origin_gets_echo" time="0.006" /><testcase classname="tests.test_security.TestCORS" name="test_evil_origin_not_allowed" time="0.002" /><testcase classname="tests.backend_test.TestCards" name="test_cards_crud_and_encryption" time="0.903" /><testcase classname="tests.backend_test.TestInsuranceNewFields" name="test_insurance_member_and_due_date" time="0.695" /><testcase classname="tests.test_documents.TestDocumentListDownloadDelete" name="test_list_download_delete_flow" time="1.106" /><testcase classname="tests.test_documents.TestParentDeletionCascade" name="test_delete_credential_cascades_documents" time="0.824" /><testcase classname="tests.test_documents.TestExistingSeedDocument" name="test_lic_has_seed_document" time="0.497" /><testcase classname="tests.test_security.TestTokenRevocation" name="test_old_token_revoked_after_pin_change" time="2.655" /><testcase classname="tests.test_security.TestProgressiveLockout" name="test_five_wrong_pins_locks" time="2.035" /><testcase classname="tests.test_security.TestSecurityHeaders" name="test_headers_present" time="0.413" /><testcase classname="tests.test_security.TestDocumentUploadHardening" name="test_disallowed_extensions_rejected[evil.exe-application/octet-stream]" time="0.639" /><testcase classname="tests.test_security.TestDocumentUploadHardening" name="test_disallowed_extensions_rejected[evil.html-text/html]" time="0.608" /><testcase classname="tests.test_security.TestDocumentUploadHardening" name="test_disallowed_extensions_rejected[evil.svg-image/svg+xml]" time="0.619" /></testsuite></testsuites>