<?xml version="1.0" encoding="utf-8"?><testsuites name="pytest tests"><testsuite name="pytest" errors="0" failures="0" skipped="0" tests="49" time="111.966" timestamp="2026-08-02T08:31:25.149628+00:00" hostname="agent-env-d2a92c48-7f07-4b6b-9ff0-60ce56e94ec7"><testcase classname="tests.backend_test.TestAuth" name="test_status" time="0.136" /><testcase classname="tests.backend_test.TestAuth" name="test_unlock_success" time="0.322" /><testcase classname="tests.backend_test.TestAuth" name="test_unlock_wrong_pin" time="0.325" /><testcase classname="tests.backend_test.TestAuth" name="test_protected_no_token" time="0.141" /><testcase classname="tests.backend_test.TestChangePin" name="test_change_pin_wrong_old" time="0.787" /><testcase classname="tests.backend_test.TestChangePin" name="test_change_pin_success_and_revert" time="2.184" /><testcase classname="tests.backend_test.TestChangePin" name="test_change_pin_no_auth" time="0.091" /><testcase classname="tests.backend_test.TestCards" name="test_cards_crud_and_encryption" time="0.933" /><testcase classname="tests.backend_test.TestCredentialMember" name="test_credential_member_roundtrip" time="0.919" /><testcase classname="tests.backend_test.TestCredentialMember" name="test_credential_member_default_empty" time="0.611" /><testcase classname="tests.backend_test.TestCardMember" name="test_card_member_roundtrip" time="0.825" /><testcase classname="tests.backend_test.TestCardMember" name="test_card_member_default_empty" time="0.603" /><testcase classname="tests.backend_test.TestInsuranceNewFields" name="test_insurance_member_and_due_date" time="0.720" /><testcase classname="tests.backend_test.TestMembers" name="test_members_requires_auth" time="0.090" /><testcase classname="tests.backend_test.TestMembers" name="test_members_returns_distinct_sorted" time="0.511" /><testcase classname="tests.backend_test.TestPWA" name="test_manifest" time="0.093" /><testcase classname="tests.backend_test.TestPWA" name="test_sw" time="0.100" /><testcase classname="tests.backend_test.TestPWA" name="test_icon" time="0.094" /><testcase classname="tests.test_documents.TestDocumentUpload" name="test_upload_requires_auth" time="0.709" /><testcase classname="tests.test_documents.TestDocumentUpload" name="test_upload_invalid_parent_type" time="0.713" /><testcase classname="tests.test_documents.TestDocumentUpload" name="test_upload_disallowed_extension" time="0.702" /><testcase classname="tests.test_documents.TestDocumentUpload" name="test_upload_too_large" time="1.030" /><testcase classname="tests.test_documents.TestDocumentUpload" name="test_upload_success_returns_metadata_no_gridfs_leak" time="0.852" /><testcase classname="tests.test_documents.TestDocumentListDownloadDelete" name="test_list_download_delete_flow" time="1.146" /><testcase classname="tests.test_documents.TestParentDeletionCascade" name="test_delete_credential_cascades_documents" time="0.834" /><testcase classname="tests.test_documents.TestExistingSeedDocument" name="test_lic_has_seed_document" time="0.511" /><testcase classname="tests.test_mark_paid" name="test_mark_paid_no_auth" time="0.097" /><testcase classname="tests.test_mark_paid" name="test_mark_paid_unknown_id" time="0.414" /><testcase classname="tests.test_mark_paid" name="test_mark_paid_no_due_date" time="0.284" /><testcase classname="tests.test_mark_paid" name="test_monthly" time="0.296" /><testcase classname="tests.test_mark_paid" name="test_monthly_month_end_edge" time="0.291" /><testcase classname="tests.test_mark_paid" name="test_quarterly" time="0.279" /><testcase classname="tests.test_mark_paid" name="test_half_yearly" time="0.292" /><testcase classname="tests.test_mark_paid" name="test_one_time_clears_date" time="0.288" /><testcase classname="tests.test_mark_paid" name="test_list_insurance_has_last_paid_on" time="0.098" /><testcase classname="tests.test_mark_paid" name="test_put_preserves_last_paid_on" time="0.604" /><testcase classname="tests.test_mark_paid" name="test_lic_mark_paid_and_restore" time="68.654" /><testcase classname="tests.test_payments_maturity" name="test_list_payments_no_auth" time="0.094" /><testcase classname="tests.test_payments_maturity" name="test_mark_paid_creates_payment_record" time="0.830" /><testcase classname="tests.test_payments_maturity" name="test_payments_sorted_newest_first" time="0.590" /><testcase classname="tests.test_payments_maturity" name="test_delete_policy_cascades_payments" time="0.484" /><testcase classname="tests.test_payments_maturity" name="test_payments_empty_for_unknown_policy" time="0.095" /><testcase classname="tests.test_payments_maturity" name="test_lic_final_state_intact" time="0.204" /><testcase classname="tests.test_undo_paid" name="test_undo_no_auth" time="0.097" /><testcase classname="tests.test_undo_paid" name="test_undo_unknown_policy" time="19.938" /><testcase classname="tests.test_undo_paid" name="test_undo_with_no_payments" time="0.323" /><testcase classname="tests.test_undo_paid" name="test_pay_then_undo_restores" time="0.604" /><testcase classname="tests.test_undo_paid" name="test_multi_pay_then_single_undo" time="0.881" /><testcase classname="tests.test_undo_paid" name="test_seed_lic_unaffected" time="0.095" /></testsuite></testsuites>