<?xml version="1.0" encoding="utf-8"?><testsuites name="pytest tests"><testsuite name="pytest" errors="0" failures="0" skipped="0" tests="11" time="3.540" timestamp="2026-08-02T08:08:43.312005+00:00" hostname="agent-env-d2a92c48-7f07-4b6b-9ff0-60ce56e94ec7"><testcase classname="tests.test_mark_paid" name="test_mark_paid_no_auth" time="0.171" /><testcase classname="tests.test_mark_paid" name="test_mark_paid_unknown_id" time="0.430" /><testcase classname="tests.test_mark_paid" name="test_mark_paid_no_due_date" time="0.321" /><testcase classname="tests.test_mark_paid" name="test_monthly" time="0.316" /><testcase classname="tests.test_mark_paid" name="test_monthly_month_end_edge" time="0.293" /><testcase classname="tests.test_mark_paid" name="test_quarterly" time="0.312" /><testcase classname="tests.test_mark_paid" name="test_half_yearly" time="0.306" /><testcase classname="tests.test_mark_paid" name="test_one_time_clears_date" time="0.291" /><testcase classname="tests.test_mark_paid" name="test_list_insurance_has_last_paid_on" time="0.097" /><testcase classname="tests.test_mark_paid" name="test_put_preserves_last_paid_on" time="0.573" /><testcase classname="tests.test_mark_paid" name="test_lic_mark_paid_and_restore" time="0.370" /></testsuite></testsuites>