<?xml version="1.0" encoding="utf-8"?><testsuites name="pytest tests"><testsuite name="pytest" errors="0" failures="0" skipped="0" tests="6" time="2.472" timestamp="2026-08-02T08:14:37.450184+00:00" hostname="agent-env-d2a92c48-7f07-4b6b-9ff0-60ce56e94ec7"><testcase classname="tests.test_payments_maturity" name="test_list_payments_no_auth" time="0.210" /><testcase classname="tests.test_payments_maturity" name="test_mark_paid_creates_payment_record" time="0.848" /><testcase classname="tests.test_payments_maturity" name="test_payments_sorted_newest_first" time="0.599" /><testcase classname="tests.test_payments_maturity" name="test_delete_policy_cascades_payments" time="0.479" /><testcase classname="tests.test_payments_maturity" name="test_payments_empty_for_unknown_policy" time="0.091" /><testcase classname="tests.test_payments_maturity" name="test_lic_final_state_intact" time="0.189" /></testsuite></testsuites>