<?xml version="1.0" encoding="utf-8"?><testsuites name="pytest tests"><testsuite name="pytest" errors="0" failures="0" skipped="0" tests="12" time="6.059" timestamp="2026-07-31T08:54:17.479411+00:00" hostname="agent-env-d2a92c48-7f07-4b6b-9ff0-60ce56e94ec7"><testcase classname="tests.backend_test.TestAuth" name="test_status" time="0.219" /><testcase classname="tests.backend_test.TestAuth" name="test_unlock_success" time="0.327" /><testcase classname="tests.backend_test.TestAuth" name="test_unlock_wrong_pin" time="0.322" /><testcase classname="tests.backend_test.TestAuth" name="test_protected_no_token" time="0.095" /><testcase classname="tests.backend_test.TestChangePin" name="test_change_pin_wrong_old" time="0.740" /><testcase classname="tests.backend_test.TestChangePin" name="test_change_pin_success_and_revert" time="2.153" /><testcase classname="tests.backend_test.TestChangePin" name="test_change_pin_no_auth" time="0.093" /><testcase classname="tests.backend_test.TestCards" name="test_cards_crud_and_encryption" time="0.919" /><testcase classname="tests.backend_test.TestInsuranceNewFields" name="test_insurance_member_and_due_date" time="0.721" /><testcase classname="tests.backend_test.TestPWA" name="test_manifest" time="0.132" /><testcase classname="tests.backend_test.TestPWA" name="test_sw" time="0.104" /><testcase classname="tests.backend_test.TestPWA" name="test_icon" time="0.099" /></testsuite></testsuites>