<?xml version="1.0" encoding="utf-8"?><testsuites name="pytest tests"><testsuite name="pytest" errors="0" failures="0" skipped="0" tests="16" time="28.456" timestamp="2026-07-31T09:13:52.600992+00:00" hostname="agent-env-d2a92c48-7f07-4b6b-9ff0-60ce56e94ec7"><testcase classname="tests.backend_test.TestAuth" name="test_status" time="0.229" /><testcase classname="tests.backend_test.TestAuth" name="test_unlock_success" time="0.333" /><testcase classname="tests.backend_test.TestAuth" name="test_unlock_wrong_pin" time="0.331" /><testcase classname="tests.backend_test.TestAuth" name="test_protected_no_token" time="0.095" /><testcase classname="tests.backend_test.TestChangePin" name="test_change_pin_wrong_old" time="20.062" /><testcase classname="tests.backend_test.TestChangePin" name="test_change_pin_success_and_revert" time="2.177" /><testcase classname="tests.backend_test.TestChangePin" name="test_change_pin_no_auth" time="0.094" /><testcase classname="tests.backend_test.TestCards" name="test_cards_crud_and_encryption" time="0.970" /><testcase classname="tests.backend_test.TestCredentialMember" name="test_credential_member_roundtrip" time="0.913" /><testcase classname="tests.backend_test.TestCredentialMember" name="test_credential_member_default_empty" time="0.633" /><testcase classname="tests.backend_test.TestCardMember" name="test_card_member_roundtrip" time="0.863" /><testcase classname="tests.backend_test.TestCardMember" name="test_card_member_default_empty" time="0.628" /><testcase classname="tests.backend_test.TestInsuranceNewFields" name="test_insurance_member_and_due_date" time="0.705" /><testcase classname="tests.backend_test.TestPWA" name="test_manifest" time="0.094" /><testcase classname="tests.backend_test.TestPWA" name="test_sw" time="0.091" /><testcase classname="tests.backend_test.TestPWA" name="test_icon" time="0.104" /></testsuite></testsuites>