<?xml version="1.0" encoding="utf-8"?><testsuites name="pytest tests"><testsuite name="pytest" errors="0" failures="0" skipped="0" tests="6" time="3.087" timestamp="2026-08-02T08:20:58.397117+00:00" hostname="agent-env-d2a92c48-7f07-4b6b-9ff0-60ce56e94ec7"><testcase classname="tests.test_undo_paid" name="test_undo_no_auth" time="0.201" /><testcase classname="tests.test_undo_paid" name="test_undo_unknown_policy" time="0.429" /><testcase classname="tests.test_undo_paid" name="test_undo_with_no_payments" time="0.304" /><testcase classname="tests.test_undo_paid" name="test_pay_then_undo_restores" time="0.585" /><testcase classname="tests.test_undo_paid" name="test_multi_pay_then_single_undo" time="0.918" /><testcase classname="tests.test_undo_paid" name="test_seed_lic_unaffected" time="0.105" /></testsuite></testsuites>